{
  "RSpec": {
    "coverage": {
      "/home/mhanne/work/bitcoin-ruby/lib/bitcoin.rb": [
        null,
        null,
        1,
        1,
        1,
        null,
        null,
        1,
        null,
        1,
        1,
        1,
        1,
        1,
        1,
        1,
        1,
        1,
        1,
        1,
        null,
        1,
        1,
        1,
        1,
        1,
        null,
        null,
        1,
        1,
        1,
        1,
        1,
        1,
        1,
        null,
        null,
        1,
        1,
        1,
        null,
        null,
        1,
        66,
        66,
        null,
        0,
        0,
        null,
        0,
        0,
        0,
        null,
        66,
        null,
        null,
        1,
        null,
        3858,
        1945,
        null,
        null,
        1,
        2005,
        2005,
        null,
        null,
        null,
        1,
        3762,
        3762,
        null,
        null,
        null,
        1,
        1940,
        1940,
        1938,
        null,
        1,
        null,
        null,
        null,
        1,
        1966,
        1966,
        1941,
        1934,
        null,
        null,
        null,
        1,
        966,
        964,
        null,
        null,
        null,
        1,
        145,
        142,
        139,
        3,
        null,
        null,
        null,
        1,
        0,
        null,
        null,
        1,
        1774,
        1774,
        null,
        null,
        1,
        805,
        null,
        null,
        1,
        1798,
        1798,
        1798,
        59872,
        59872,
        null,
        1798,
        null,
        null,
        1,
        5068,
        5068,
        5068,
        172001,
        171994,
        null,
        5061,
        null,
        null,
        1,
        1786,
        1786,
        null,
        null,
        null,
        1,
        5067,
        5060,
        5060,
        5060,
        5060,
        null,
        1,
        null,
        null,
        1,
        351,
        351,
        351,
        351,
        351,
        null,
        null,
        null,
        1,
        82,
        82,
        82,
        82,
        82,
        82,
        82,
        null,
        null,
        1,
        0,
        null,
        0,
        null,
        0,
        null,
        null,
        null,
        1,
        1559,
        null,
        null,
        1,
        1053,
        1053,
        null,
        null,
        1,
        1054,
        null,
        null,
        1,
        801,
        801,
        null,
        null,
        1,
        19956,
        null,
        null,
        null,
        null,
        195,
        null,
        1,
        19762,
        null,
        19761,
        null,
        null,
        1,
        431,
        429,
        429,
        null,
        173,
        52,
        null,
        429,
        null,
        null,
        null,
        1,
        3,
        null,
        null,
        1,
        84,
        84,
        83,
        null,
        2,
        null,
        null,
        1,
        5,
        5,
        5,
        5,
        5,
        null,
        null,
        1,
        1,
        null,
        null,
        null,
        1,
        null,
        null,
        1,
        3,
        null,
        null,
        null,
        1,
        null,
        null,
        null,
        1,
        1,
        null,
        null,
        null,
        1,
        2,
        2,
        null,
        null,
        null,
        1,
        1,
        1,
        null,
        null,
        null,
        1,
        1,
        null,
        null,
        null,
        1,
        6,
        6,
        6,
        6,
        12,
        12,
        null,
        6,
        6,
        null,
        null,
        1,
        6,
        null,
        null,
        null,
        1,
        null,
        null,
        1,
        43125,
        43049,
        3284,
        65,
        null,
        null,
        1,
        1,
        null,
        null,
        null,
        1,
        1,
        441,
        2509,
        83,
        null,
        1,
        1056,
        1056,
        null,
        1,
        1,
        294,
        null,
        1349,
        1,
        null,
        null,
        null,
        1,
        null,
        1,
        null,
        1,
        6780,
        null,
        null,
        1,
        150,
        null,
        null,
        1,
        1,
        1,
        1,
        1,
        1,
        1,
        null,
        1,
        1,
        1,
        null,
        1,
        null,
        null,
        null,
        null,
        null,
        null,
        null,
        null,
        null,
        null,
        null,
        null,
        null,
        null,
        null,
        null,
        null,
        null,
        null,
        null,
        null,
        null,
        null,
        null,
        null,
        null,
        null,
        null,
        null,
        null,
        null,
        null,
        null,
        null,
        null,
        null,
        null,
        null,
        null,
        null,
        null,
        null,
        null
      ],
      "/home/mhanne/work/bitcoin-ruby/lib/bitcoin/ffi/openssl.rb": [
        null,
        null,
        null,
        1,
        null,
        null,
        1,
        1,
        1,
        1,
        null,
        1,
        null,
        1,
        1,
        1,
        1,
        null,
        null,
        1,
        1,
        1,
        1,
        1,
        1,
        1,
        1,
        1,
        1,
        1,
        1,
        1,
        1,
        1,
        1,
        1,
        1,
        1,
        null,
        null,
        null,
        null,
        null,
        1,
        282,
        282,
        null,
        null,
        null,
        282,
        null,
        282,
        282,
        null,
        282,
        null,
        282,
        282,
        null,
        282,
        282,
        282,
        282,
        null,
        282,
        282,
        282,
        282,
        null,
        null,
        282,
        282,
        282,
        282,
        282,
        null,
        null,
        null,
        282,
        0,
        null,
        null,
        null,
        282,
        282,
        282,
        282,
        null,
        null,
        282,
        null,
        282,
        null,
        null,
        null,
        1,
        1,
        null,
        null,
        null,
        1,
        1,
        null,
        null,
        1,
        1,
        1,
        1,
        1,
        null,
        null,
        1,
        283,
        1,
        1,
        1,
        1,
        1,
        null,
        null,
        null
      ],
      "/home/mhanne/work/bitcoin-ruby/lib/bitcoin/protocol.rb": [
        1,
        1,
        1,
        null,
        1,
        1,
        null,
        1,
        1,
        1,
        1,
        1,
        1,
        1,
        null,
        1,
        1,
        null,
        1,
        null,
        1,
        1,
        null,
        1,
        4875,
        7,
        0,
        0,
        4867,
        null,
        null,
        null,
        1,
        16500,
        24,
        0,
        0,
        0,
        null,
        null,
        null,
        1,
        12,
        12,
        null,
        null,
        1,
        1,
        null,
        null,
        1,
        2,
        2,
        4,
        null,
        null,
        1,
        2,
        2,
        0,
        null,
        null,
        null,
        1,
        14,
        14,
        14,
        null,
        14,
        null,
        null,
        1,
        0,
        0,
        null,
        0,
        null,
        null,
        null,
        0,
        null,
        0,
        0,
        null,
        null,
        1,
        2,
        null,
        null,
        1,
        1,
        null,
        null,
        1,
        0,
        null,
        null,
        1,
        null,
        1,
        0,
        0,
        0,
        null,
        null,
        1,
        0,
        0,
        0,
        null,
        null,
        1,
        null,
        1,
        2,
        null,
        null,
        4,
        null,
        null,
        null,
        null,
        1,
        2,
        null,
        null,
        1,
        0,
        null,
        null,
        1,
        762,
        null,
        null,
        null,
        1,
        null
      ],
      "/home/mhanne/work/bitcoin-ruby/lib/bitcoin/protocol/handler.rb": [
        1,
        1,
        null,
        1,
        1,
        0,
        null,
        null,
        1,
        0,
        null,
        null,
        1,
        0,
        null,
        null,
        1,
        0,
        null,
        null,
        1,
        0,
        null,
        null,
        1,
        0,
        null,
        null,
        1,
        null,
        0,
        null,
        null,
        null,
        null,
        null,
        null
      ],
      "/home/mhanne/work/bitcoin-ruby/lib/bitcoin/protocol/parser.rb": [
        1,
        1,
        null,
        1,
        null,
        1,
        18,
        18,
        null,
        null,
        1,
        1,
        null,
        null,
        null,
        null,
        1,
        5,
        5,
        7,
        7,
        null,
        5,
        4,
        null,
        1,
        null,
        null,
        2,
        1,
        null,
        1,
        null,
        null,
        0,
        null,
        null,
        null,
        null,
        1,
        1,
        1,
        1,
        1,
        null,
        0,
        null,
        1,
        null,
        null,
        null,
        1,
        0,
        0,
        0,
        0,
        null,
        null,
        1,
        2,
        2,
        2,
        6,
        2,
        2,
        null,
        null,
        1,
        17,
        0,
        0,
        0,
        3,
        2,
        1,
        0,
        3,
        0,
        4,
        2,
        2,
        0,
        0,
        null,
        0,
        null,
        null,
        null,
        1,
        3,
        3,
        null,
        null,
        1,
        0,
        0,
        null,
        null,
        null,
        1,
        0,
        0,
        0,
        null,
        null,
        1,
        18,
        18,
        18,
        null,
        null,
        1,
        30,
        30,
        30,
        null,
        18,
        18,
        null,
        18,
        1,
        1,
        null,
        null,
        17,
        0,
        0,
        0,
        null,
        0,
        null,
        0,
        null,
        17,
        null,
        17,
        null,
        null,
        null,
        18,
        null,
        null,
        1,
        1,
        null,
        1,
        null,
        0,
        null,
        null,
        null,
        null,
        null,
        null
      ],
      "/home/mhanne/work/bitcoin-ruby/lib/bitcoin/protocol/address.rb": [
        1,
        1,
        null,
        1,
        null,
        null,
        null,
        null,
        null,
        null,
        null,
        null,
        null,
        null,
        null,
        1,
        5,
        2,
        2,
        null,
        3,
        3,
        null,
        null,
        null,
        null,
        1,
        1,
        null,
        null,
        1,
        4,
        4,
        null,
        null,
        1,
        0,
        null,
        null,
        1,
        2,
        1,
        1,
        null,
        null,
        null,
        null,
        null
      ],
      "/home/mhanne/work/bitcoin-ruby/lib/bitcoin/protocol/block.rb": [
        1,
        1,
        null,
        1,
        null,
        null,
        1,
        null,
        null,
        1,
        null,
        null,
        1,
        null,
        null,
        1,
        null,
        null,
        1,
        null,
        null,
        1,
        null,
        null,
        1,
        null,
        null,
        1,
        null,
        null,
        1,
        null,
        1,
        null,
        null,
        1,
        314,
        null,
        null,
        1,
        0,
        null,
        null,
        null,
        1,
        373,
        373,
        null,
        null,
        null,
        1,
        295,
        295,
        null,
        294,
        824,
        530,
        530,
        530,
        null,
        null,
        294,
        294,
        null,
        null,
        null,
        1,
        19757,
        null,
        null,
        null,
        1,
        3,
        null,
        null,
        null,
        null,
        1,
        2,
        null,
        null,
        null,
        1,
        793,
        793,
        null,
        null,
        null,
        1,
        null,
        null,
        null,
        null,
        19,
        129,
        129,
        19,
        null,
        null,
        1,
        0,
        null,
        null,
        1,
        0,
        null,
        null,
        1,
        0,
        null,
        null,
        null,
        null,
        null,
        1,
        2,
        1,
        1,
        null,
        0,
        null,
        null,
        null,
        null,
        1,
        5,
        null,
        null,
        null,
        null,
        1,
        0,
        null,
        null,
        null,
        1,
        9,
        9,
        9,
        27,
        9,
        300,
        null,
        9,
        null,
        null,
        null,
        1,
        null,
        null,
        10,
        null,
        null,
        1,
        null,
        null,
        1,
        1,
        3,
        1,
        null,
        null,
        null,
        1,
        null,
        null,
        1,
        null,
        1,
        434,
        null,
        null,
        null,
        null,
        null
      ],
      "/home/mhanne/work/bitcoin-ruby/lib/bitcoin/protocol/tx.rb": [
        1,
        null,
        1,
        1,
        null,
        1,
        null,
        null,
        1,
        null,
        null,
        1,
        null,
        null,
        1,
        null,
        null,
        1,
        null,
        null,
        1,
        null,
        null,
        1,
        null,
        1,
        1,
        null,
        null,
        1,
        36,
        null,
        null,
        null,
        1,
        38,
        null,
        null,
        null,
        1,
        2235,
        2235,
        null,
        null,
        null,
        1,
        2165,
        null,
        1,
        null,
        null,
        1830,
        null,
        null,
        2566,
        null,
        null,
        1,
        799,
        799,
        799,
        799,
        null,
        null,
        799,
        999,
        999,
        998,
        null,
        null,
        798,
        798,
        null,
        798,
        1957,
        1957,
        1957,
        null,
        null,
        798,
        null,
        798,
        798,
        null,
        798,
        554,
        null,
        244,
        null,
        null,
        null,
        null,
        1,
        2855,
        2855,
        null,
        2855,
        2855,
        null,
        null,
        null,
        1,
        null,
        null,
        null,
        1,
        null,
        null,
        null,
        null,
        null,
        null,
        123,
        null,
        123,
        139,
        123,
        123,
        123,
        null,
        123,
        null,
        16,
        0,
        16,
        null,
        null,
        null,
        null,
        123,
        null,
        123,
        null,
        0,
        0,
        null,
        123,
        null,
        null,
        123,
        123,
        null,
        null,
        null,
        null,
        1,
        74,
        74,
        74,
        74,
        null,
        74,
        null,
        78,
        null,
        78,
        null,
        null,
        null,
        null,
        1,
        146,
        null,
        null,
        null,
        146,
        null,
        null,
        146,
        null,
        null,
        null,
        1,
        10,
        null,
        null,
        null,
        null,
        1,
        0,
        null,
        null,
        null,
        1,
        319,
        319,
        1011,
        1712,
        638,
        319,
        null,
        null,
        null,
        4,
        null,
        null,
        25,
        null,
        null,
        2,
        null,
        null,
        1,
        null,
        null,
        1,
        null,
        1,
        35,
        null,
        null,
        3,
        3,
        null,
        1,
        4,
        4,
        4,
        4,
        null,
        4,
        4,
        0,
        null,
        4,
        null,
        null,
        null,
        4,
        10,
        null,
        null,
        4,
        null,
        0,
        null,
        null,
        4,
        4,
        null,
        null,
        null,
        null,
        null
      ],
      "/home/mhanne/work/bitcoin-ruby/lib/bitcoin/script.rb": [
        1,
        null,
        1,
        null,
        1,
        1,
        1,
        1,
        1,
        1,
        1,
        1,
        1,
        1,
        1,
        1,
        1,
        1,
        1,
        1,
        1,
        1,
        1,
        1,
        1,
        1,
        1,
        1,
        1,
        1,
        1,
        1,
        1,
        1,
        1,
        1,
        1,
        1,
        1,
        1,
        1,
        1,
        1,
        1,
        1,
        null,
        null,
        null,
        null,
        null,
        42,
        1,
        1,
        null,
        1,
        null,
        null,
        null,
        null,
        null,
        null,
        1,
        null,
        1,
        null,
        null,
        1,
        1620,
        1620,
        1620,
        null,
        null,
        null,
        1,
        1620,
        1620,
        1620,
        6862,
        6862,
        0,
        null,
        null,
        6862,
        2065,
        2065,
        4797,
        1,
        1,
        4796,
        7,
        7,
        4789,
        0,
        0,
        null,
        4789,
        null,
        null,
        1620,
        null,
        null,
        null,
        1,
        884,
        3822,
        null,
        2711,
        2684,
        26,
        1,
        null,
        null,
        1111,
        null,
        null,
        null,
        null,
        1,
        5,
        6,
        0,
        6,
        null,
        null,
        null,
        1,
        null,
        1,
        2994,
        null,
        2994,
        2987,
        null,
        1,
        null,
        6,
        null,
        0,
        null,
        null,
        2994,
        null,
        null,
        null,
        1,
        60,
        null,
        null,
        1,
        null,
        null,
        1,
        2176,
        8816,
        null,
        60653,
        36,
        86,
        0,
        1,
        null,
        2988,
        2988,
        null,
        null,
        8814,
        null,
        null,
        null,
        1,
        748,
        null,
        null,
        null,
        1,
        113,
        107,
        107,
        746,
        2556,
        null,
        743,
        null,
        411,
        null,
        null,
        369,
        369,
        369,
        null,
        null,
        42,
        42,
        null,
        0,
        0,
        null,
        null,
        332,
        332,
        null,
        null,
        250,
        null,
        107,
        12,
        12,
        null,
        null,
        107,
        107,
        107,
        92,
        null,
        null,
        1,
        11,
        null,
        null,
        1,
        null,
        7,
        7,
        7,
        null,
        null,
        1,
        71,
        10,
        null,
        null,
        null,
        null,
        null,
        1,
        6,
        5,
        null,
        15,
        5,
        5,
        null,
        5,
        5,
        null,
        null,
        6,
        93,
        null,
        1,
        119,
        null,
        null,
        1,
        null,
        null,
        1,
        5,
        null,
        null,
        null,
        1,
        926,
        887,
        null,
        1,
        null,
        null,
        1,
        1643,
        976,
        null,
        976,
        null,
        null,
        null,
        1,
        19,
        13,
        null,
        null,
        1,
        540,
        225,
        5,
        2,
        1,
        null,
        null,
        null,
        null,
        1,
        224,
        224,
        null,
        null,
        null,
        1,
        4,
        null,
        null,
        null,
        1,
        541,
        220,
        null,
        null,
        null,
        1,
        7,
        null,
        null,
        null,
        1,
        32,
        null,
        null,
        null,
        1,
        21,
        null,
        null,
        null,
        1,
        14,
        11,
        5,
        null,
        null,
        null,
        1,
        10,
        10,
        null,
        null,
        null,
        1,
        3,
        3,
        null,
        null,
        null,
        1,
        138,
        null,
        138,
        null,
        null,
        1,
        3,
        null,
        3,
        null,
        null,
        1,
        139,
        139,
        137,
        1,
        null,
        null,
        null,
        null,
        1,
        16,
        5,
        null,
        null,
        null,
        1,
        46,
        null,
        46,
        46,
        null,
        null,
        null,
        1,
        42,
        null,
        null,
        1,
        0,
        null,
        null,
        1,
        0,
        0,
        null,
        null,
        null,
        null,
        null,
        1,
        null,
        null,
        null,
        1,
        69,
        null,
        null,
        null,
        1,
        1,
        1,
        null,
        null,
        null,
        1,
        1,
        1,
        null,
        null,
        null,
        1,
        65,
        65,
        null,
        null,
        null,
        1,
        1,
        1,
        null,
        null,
        null,
        1,
        1,
        1,
        null,
        null,
        null,
        1,
        1,
        null,
        null,
        null,
        1,
        1,
        null,
        null,
        null,
        1,
        1,
        null,
        null,
        null,
        1,
        1,
        null,
        null,
        null,
        1,
        4,
        10,
        null,
        null,
        null,
        1,
        3,
        3,
        null,
        null,
        null,
        1,
        3,
        3,
        null,
        null,
        null,
        1,
        3,
        3,
        null,
        null,
        null,
        1,
        12,
        null,
        null,
        null,
        1,
        73,
        73,
        null,
        null,
        null,
        1,
        68,
        68,
        3,
        3,
        null,
        65,
        null,
        null,
        null,
        null,
        1,
        66,
        null,
        null,
        null,
        1,
        26,
        null,
        null,
        null,
        1,
        18,
        null,
        null,
        null,
        1,
        15,
        null,
        null,
        null,
        1,
        12,
        null,
        null,
        null,
        1,
        1,
        1,
        null,
        null,
        null,
        1,
        1,
        1,
        1,
        null,
        null,
        null,
        1,
        3,
        2,
        null,
        null,
        null,
        null,
        1,
        1,
        null,
        null,
        null,
        1,
        2,
        null,
        null,
        null,
        null,
        1,
        7,
        1,
        null,
        null,
        null,
        null,
        null,
        1,
        8,
        null,
        null,
        null,
        null,
        null,
        1,
        82,
        81,
        81,
        81,
        null,
        81,
        null,
        3,
        null,
        3,
        null,
        75,
        null,
        null,
        81,
        1,
        null,
        null,
        80,
        null,
        null,
        null,
        1,
        0,
        0,
        null,
        null,
        null,
        null,
        null,
        null,
        null,
        null,
        null,
        null,
        null,
        null,
        null,
        null,
        null,
        1,
        25,
        25,
        77,
        null,
        22,
        null,
        22,
        22,
        48,
        48,
        48,
        null,
        18,
        null,
        18,
        null,
        4,
        null,
        2,
        null,
        12,
        null,
        null,
        18,
        48,
        74,
        null,
        null,
        18,
        null,
        null,
        1,
        791,
        null,
        1,
        1,
        null,
        1,
        null,
        1,
        111,
        111,
        111,
        null,
        null
      ],
      "/home/mhanne/work/bitcoin-ruby/lib/bitcoin/protocol/txin.rb": [
        1,
        1,
        null,
        1,
        null,
        null,
        1,
        null,
        null,
        1,
        null,
        null,
        1,
        null,
        null,
        1,
        null,
        1,
        null,
        1,
        null,
        1804,
        1804,
        null,
        null,
        null,
        1,
        null,
        1,
        null,
        null,
        null,
        null,
        null,
        1,
        999,
        999,
        999,
        998,
        998,
        998,
        998,
        null,
        null,
        1,
        null,
        1,
        3563,
        3563,
        3563,
        3563,
        null,
        null,
        1,
        198,
        198,
        21,
        null,
        177,
        null,
        198,
        198,
        null,
        null,
        1,
        692,
        692,
        12,
        null,
        680,
        null,
        692,
        692,
        null,
        null,
        null,
        1,
        0,
        null,
        null,
        null,
        1,
        1132,
        null,
        null,
        null,
        1,
        1844,
        1844,
        null,
        1,
        null,
        null,
        null,
        null,
        null
      ],
      "/home/mhanne/work/bitcoin-ruby/lib/bitcoin/protocol/txout.rb": [
        1,
        1,
        null,
        1,
        null,
        null,
        1,
        null,
        null,
        1,
        null,
        1,
        3477,
        1397,
        null,
        2080,
        null,
        null,
        null,
        1,
        4,
        null,
        null,
        null,
        1,
        1957,
        1957,
        1957,
        1957,
        1957,
        1957,
        null,
        null,
        1,
        null,
        1,
        6184,
        6184,
        6184,
        6184,
        null,
        null,
        1,
        659,
        659,
        null,
        null,
        1,
        1393,
        1393,
        1393,
        null,
        null,
        1,
        1200,
        null,
        null,
        1,
        1,
        1,
        1,
        null,
        null,
        null,
        1,
        2,
        2,
        null,
        null,
        null,
        null,
        null,
        null
      ],
      "/home/mhanne/work/bitcoin-ruby/lib/bitcoin/protocol/alert.rb": [
        1,
        1,
        null,
        null,
        1,
        null,
        1,
        null,
        1,
        2,
        2,
        null,
        null,
        null,
        1,
        null,
        1,
        2,
        2,
        4,
        null,
        null,
        null,
        1,
        2,
        2,
        2,
        2,
        null,
        2,
        null,
        2,
        2,
        2,
        2,
        2,
        2,
        2,
        null,
        2,
        null,
        2,
        null,
        null,
        null,
        null,
        null
      ],
      "/home/mhanne/work/bitcoin-ruby/lib/bitcoin/protocol/version.rb": [
        1,
        1,
        null,
        1,
        1,
        1,
        4,
        null,
        null,
        null,
        null,
        null,
        null,
        null,
        null,
        5,
        null,
        null,
        1,
        1,
        null,
        null,
        null,
        null,
        null,
        null,
        null,
        null,
        null,
        1,
        1,
        null,
        null,
        1,
        3,
        3,
        3,
        3,
        null,
        3,
        null,
        null,
        null,
        null,
        3,
        null,
        null,
        1,
        6,
        6,
        null,
        null,
        1,
        2,
        2,
        2,
        null,
        2,
        2,
        null,
        null,
        1,
        0,
        null,
        null,
        1,
        null,
        4,
        null,
        null,
        null,
        null
      ],
      "/home/mhanne/work/bitcoin-ruby/lib/bitcoin/version.rb": [
        1,
        1,
        null
      ],
      "/home/mhanne/work/bitcoin-ruby/lib/bitcoin/key.rb": [
        1,
        null,
        null,
        1,
        null,
        null,
        null,
        1,
        63,
        null,
        null,
        null,
        null,
        null,
        null,
        1,
        43,
        43,
        43,
        43,
        43,
        null,
        null,
        1,
        7,
        null,
        null,
        null,
        null,
        null,
        null,
        1,
        417,
        417,
        417,
        null,
        null,
        null,
        1,
        71,
        null,
        null,
        null,
        1,
        153,
        105,
        null,
        null,
        null,
        1,
        1,
        null,
        null,
        null,
        null,
        null,
        1,
        354,
        87,
        26,
        null,
        61,
        null,
        null,
        293,
        null,
        null,
        null,
        1,
        1,
        null,
        null,
        null,
        1,
        155,
        null,
        null,
        null,
        1,
        155,
        null,
        null,
        null,
        null,
        null,
        1,
        52,
        null,
        null,
        null,
        null,
        null,
        1,
        70,
        null,
        null,
        null,
        null,
        1,
        6,
        6,
        6,
        null,
        null,
        1,
        null,
        null,
        1,
        0,
        null,
        null,
        null,
        1,
        141,
        null,
        null,
        null,
        1,
        205,
        null,
        null,
        null,
        null,
        null,
        null
      ],
      "/home/mhanne/work/bitcoin-ruby/lib/bitcoin/wallet/keygenerator.rb": [
        1,
        null,
        null,
        null,
        null,
        null,
        null,
        null,
        1,
        null,
        null,
        1,
        null,
        1,
        null,
        null,
        null,
        null,
        null,
        null,
        null,
        null,
        null,
        null,
        null,
        null,
        null,
        null,
        1,
        15,
        15,
        15,
        null,
        null,
        null,
        1,
        24,
        118,
        24,
        24,
        null,
        null,
        null,
        1,
        7,
        7,
        7,
        null,
        null,
        1,
        null,
        null,
        1,
        15,
        null,
        8,
        7,
        null,
        null,
        null,
        1,
        5835,
        null,
        null,
        null,
        17672,
        null,
        null,
        1,
        5859,
        null,
        null,
        null,
        null,
        null
      ],
      "/home/mhanne/work/bitcoin-ruby/lib/bitcoin/wallet/coinselector.rb": [
        1,
        null,
        null,
        1,
        null,
        null,
        1,
        2,
        null,
        null,
        null,
        1,
        4,
        4,
        12,
        12,
        10,
        10,
        8,
        8,
        null,
        0,
        null,
        null,
        null,
        null,
        null,
        null,
        null,
        null
      ],
      "/home/mhanne/work/bitcoin-ruby/lib/bitcoin/wallet/wallet.rb": [
        1,
        null,
        null,
        null,
        null,
        null,
        1,
        null,
        null,
        null,
        null,
        null,
        null,
        null,
        null,
        1,
        null,
        1,
        null,
        null,
        1,
        null,
        null,
        1,
        null,
        null,
        null,
        1,
        14,
        14,
        14,
        14,
        14,
        null,
        null,
        1,
        14,
        0,
        0,
        0,
        0,
        0,
        0,
        0,
        0,
        null,
        null,
        null,
        null,
        0,
        0,
        0,
        0,
        null,
        null,
        null,
        null,
        null,
        1,
        0,
        0,
        0,
        0,
        0,
        0,
        0,
        null,
        0,
        0,
        0,
        null,
        0,
        0,
        0,
        null,
        0,
        null,
        null,
        1,
        0,
        0,
        0,
        0,
        null,
        null,
        null,
        1,
        0,
        0,
        0,
        0,
        null,
        null,
        null,
        1,
        0,
        0,
        0,
        null,
        0,
        null,
        null,
        null,
        null,
        1,
        16,
        18,
        32,
        null,
        null,
        null,
        1,
        6,
        null,
        3,
        null,
        null,
        null,
        1,
        18,
        null,
        null,
        null,
        1,
        0,
        null,
        null,
        null,
        1,
        0,
        null,
        null,
        null,
        1,
        0,
        null,
        null,
        null,
        1,
        2,
        2,
        null,
        null,
        null,
        null,
        1,
        1,
        null,
        null,
        null,
        1,
        13,
        null,
        null,
        null,
        null,
        null,
        null,
        null,
        null,
        null,
        null,
        null,
        null,
        null,
        null,
        1,
        26,
        null,
        13,
        13,
        null,
        13,
        13,
        null,
        12,
        12,
        12,
        12,
        12,
        12,
        12,
        null,
        null,
        null,
        null,
        12,
        12,
        12,
        12,
        12,
        12,
        12,
        12,
        null,
        null,
        null,
        null,
        12,
        12,
        12,
        12,
        12,
        12,
        12,
        12,
        null,
        0,
        null,
        null,
        null,
        null,
        null,
        null,
        12,
        null,
        null,
        1,
        null,
        null,
        null,
        null,
        null,
        null,
        null,
        1,
        12,
        null,
        0,
        null,
        0,
        null,
        1,
        null,
        10,
        null,
        1,
        null,
        null,
        null,
        null,
        null,
        null
      ],
      "/home/mhanne/work/bitcoin-ruby/lib/bitcoin/builder.rb": [
        1,
        null,
        null,
        null,
        null,
        1,
        null,
        null,
        null,
        1,
        68,
        68,
        68,
        null,
        null,
        null,
        null,
        1,
        33,
        33,
        33,
        null,
        null,
        null,
        null,
        1,
        3,
        3,
        3,
        null,
        null,
        null,
        null,
        null,
        null,
        null,
        null,
        null,
        null,
        null,
        null,
        null,
        null,
        null,
        null,
        1,
        null,
        1,
        68,
        null,
        null,
        null,
        1,
        0,
        null,
        null,
        null,
        1,
        68,
        null,
        null,
        null,
        1,
        77,
        77,
        77,
        null,
        null,
        null,
        1,
        68,
        68,
        68,
        68,
        68,
        68,
        77,
        68,
        68,
        null,
        null,
        1,
        null,
        null,
        1,
        68,
        68,
        68,
        68,
        18193,
        18193,
        18193,
        0,
        0,
        0,
        null,
        0,
        0,
        0,
        0,
        null,
        null,
        null,
        null,
        null,
        null,
        null,
        null,
        null,
        null,
        null,
        null,
        null,
        null,
        null,
        null,
        null,
        null,
        1,
        null,
        1,
        110,
        110,
        110,
        null,
        null,
        null,
        1,
        0,
        null,
        null,
        null,
        1,
        0,
        null,
        null,
        null,
        1,
        110,
        110,
        110,
        null,
        null,
        null,
        1,
        123,
        123,
        123,
        null,
        null,
        null,
        1,
        220,
        233,
        110,
        110,
        68,
        68,
        68,
        68,
        null,
        42,
        42,
        42,
        42,
        42,
        42,
        42,
        null,
        110,
        null,
        null,
        null,
        null,
        null,
        null,
        null,
        1,
        1,
        null,
        1,
        110,
        null,
        null,
        null,
        1,
        42,
        null,
        null,
        null,
        1,
        42,
        null,
        null,
        null,
        1,
        0,
        null,
        null,
        null,
        null,
        1,
        42,
        null,
        null,
        null,
        1,
        68,
        68,
        68,
        null,
        null,
        null,
        1,
        110,
        110,
        110,
        110,
        null,
        null,
        null,
        null,
        1,
        1,
        null,
        1,
        126,
        126,
        null,
        null,
        null,
        1,
        29,
        null,
        null,
        null,
        null,
        1,
        126,
        null,
        null,
        null,
        null,
        1,
        1,
        null,
        1,
        123,
        null,
        null,
        null,
        1,
        123,
        null,
        null,
        null,
        1,
        123,
        123,
        123,
        null,
        null,
        null,
        null,
        null,
        null
      ],
      "/home/mhanne/work/bitcoin-ruby/lib/bitcoin/wallet/keystore.rb": [
        1,
        1,
        null,
        1,
        null,
        null,
        1,
        null,
        1,
        null,
        null,
        null,
        1,
        70,
        35,
        35,
        null,
        null,
        null,
        1,
        38,
        114,
        30,
        null,
        6,
        null,
        6,
        null,
        6,
        null,
        6,
        null,
        6,
        null,
        null,
        null,
        null,
        null,
        1,
        25,
        null,
        null,
        null,
        1,
        4,
        3,
        3,
        3,
        3,
        null,
        null,
        null,
        1,
        4,
        4,
        3,
        3,
        2,
        2,
        2,
        null,
        null,
        1,
        0,
        0,
        null,
        0,
        null,
        null,
        1,
        1,
        1,
        null,
        1,
        null,
        null,
        null,
        1,
        2,
        2,
        2,
        null,
        null,
        null,
        null,
        1,
        3,
        null,
        null,
        null,
        null,
        1,
        3,
        2,
        2,
        2,
        2,
        null,
        null,
        null,
        null,
        null,
        1,
        35,
        820,
        35,
        145,
        145,
        145,
        null,
        null,
        35,
        35,
        35,
        0,
        0,
        0,
        null,
        0,
        null,
        null,
        null,
        null,
        1,
        11,
        11,
        62,
        62,
        60,
        60,
        60,
        null,
        62,
        null,
        11,
        null,
        null,
        11,
        11,
        11,
        11,
        0,
        0,
        null,
        null,
        null,
        1,
        null,
        1,
        37,
        65,
        null,
        4,
        null,
        67,
        null,
        37,
        34,
        null,
        null,
        null,
        null,
        null,
        1,
        null,
        1,
        null,
        null,
        null,
        1,
        27,
        7,
        7,
        null,
        null,
        null,
        1,
        11,
        null,
        null,
        null,
        1,
        2,
        2,
        2,
        null,
        null,
        null,
        null,
        1,
        1,
        1,
        null,
        null,
        null,
        null,
        1,
        1,
        null,
        null,
        null,
        null,
        null
      ],
      "/home/mhanne/work/bitcoin-ruby/lib/bitcoin/wallet/txdp.rb": [
        1,
        null,
        1,
        1,
        6,
        6,
        6,
        6,
        1,
        1,
        2,
        1,
        1,
        1,
        1,
        1,
        1,
        null,
        null,
        null,
        null,
        1,
        2,
        2,
        null,
        null,
        1,
        0,
        0,
        0,
        0,
        0,
        0,
        0,
        0,
        0,
        0,
        0,
        0,
        0,
        0,
        null,
        null,
        null,
        null,
        null,
        1,
        4,
        4,
        4,
        4,
        4,
        2864,
        4,
        4,
        4,
        4,
        3,
        3,
        3,
        3,
        427,
        3,
        null,
        null,
        4,
        4,
        null,
        null,
        1,
        5,
        5,
        5,
        5,
        5,
        11,
        null,
        5,
        null,
        null,
        1,
        5,
        5,
        5,
        5,
        5,
        11,
        11,
        6,
        null,
        null,
        null,
        1,
        6,
        6,
        6,
        6,
        6,
        null,
        null,
        1,
        6,
        4,
        8,
        4,
        null,
        4,
        4,
        null,
        null,
        null,
        null,
        1,
        5,
        null,
        null
      ],
      "/home/mhanne/work/bitcoin-ruby/lib/bitcoin/storage/storage.rb": [
        null,
        null,
        null,
        null,
        null,
        null,
        1,
        null,
        1,
        null,
        1,
        98,
        null,
        1,
        1,
        null,
        null,
        null,
        null,
        2,
        null,
        null,
        1,
        null,
        3,
        null,
        null,
        null,
        null,
        null,
        null,
        1,
        null,
        null,
        1,
        null,
        null,
        1,
        null,
        null,
        1,
        null,
        1,
        null,
        1,
        62,
        62,
        62,
        null,
        null,
        null,
        1,
        0,
        null,
        null,
        null,
        null,
        null,
        1,
        422,
        null,
        422,
        422,
        4,
        4,
        null,
        null,
        418,
        418,
        418,
        null,
        416,
        158,
        92,
        92,
        null,
        66,
        66,
        66,
        66,
        null,
        null,
        258,
        258,
        251,
        246,
        246,
        244,
        null,
        5,
        5,
        null,
        null,
        7,
        7,
        2,
        2,
        null,
        5,
        5,
        5,
        5,
        7,
        7,
        null,
        5,
        5,
        7,
        null,
        5,
        5,
        5,
        12,
        4,
        4,
        null,
        null,
        null,
        null,
        null,
        1,
        0,
        null,
        null,
        null,
        null,
        1,
        0,
        null,
        null,
        null,
        1,
        0,
        null,
        null,
        null,
        1,
        0,
        null,
        null,
        null,
        1,
        0,
        null,
        null,
        null,
        1,
        0,
        null,
        null,
        null,
        1,
        0,
        null,
        null,
        null,
        1,
        1,
        0,
        0,
        0,
        null,
        null,
        null,
        1,
        1,
        1,
        1,
        3,
        3,
        3,
        2,
        2,
        2,
        2,
        null,
        1,
        1,
        1,
        null,
        null,
        null,
        1,
        0,
        null,
        null,
        null,
        1,
        0,
        null,
        null,
        null,
        1,
        0,
        null,
        null,
        null,
        1,
        0,
        null,
        null,
        null,
        1,
        0,
        null,
        null,
        null,
        null,
        1,
        0,
        null,
        null,
        null,
        1,
        0,
        null,
        null,
        null,
        1,
        0,
        null,
        null,
        null,
        null,
        1,
        0,
        null,
        null,
        null,
        null,
        1,
        1,
        1,
        null,
        null,
        null,
        1,
        10,
        32,
        17,
        null,
        0,
        null,
        null,
        null,
        1,
        4,
        4,
        8,
        8,
        8,
        8,
        8,
        8,
        null,
        null,
        null,
        null,
        1,
        0,
        null,
        null,
        null,
        null
      ],
      "/home/mhanne/work/bitcoin-ruby/lib/bitcoin/logger.rb": [
        1,
        null,
        1,
        1,
        64,
        64,
        64,
        64,
        64,
        64,
        null,
        null,
        null,
        null,
        1,
        null,
        1,
        null,
        1,
        1,
        null,
        1,
        null,
        1,
        0,
        null,
        null,
        1,
        0,
        null,
        null,
        1,
        5,
        0,
        0,
        0,
        null,
        null,
        null,
        null,
        null,
        1,
        1,
        1,
        0,
        null,
        null,
        null,
        null,
        null,
        null,
        1,
        2,
        2,
        2,
        2,
        2,
        null,
        0,
        null,
        2,
        null,
        null,
        null,
        null
      ],
      "/home/mhanne/work/bitcoin-ruby/lib/bitcoin/storage/sequel.rb": [
        1,
        null,
        1,
        null,
        1,
        null,
        null,
        null,
        1,
        null,
        null,
        null,
        1,
        null,
        null,
        1,
        null,
        1,
        null,
        1,
        null,
        null,
        1,
        62,
        62,
        62,
        null,
        null,
        null,
        1,
        null,
        62,
        186,
        62,
        null,
        null,
        null,
        62,
        62,
        null,
        null,
        null,
        1,
        396,
        66,
        null,
        null,
        null,
        1,
        413,
        413,
        null,
        null,
        null,
        null,
        null,
        null,
        null,
        null,
        null,
        null,
        null,
        413,
        413,
        65,
        65,
        null,
        348,
        null,
        348,
        364,
        364,
        364,
        null,
        null,
        null,
        null,
        null,
        null,
        413,
        413,
        65,
        65,
        65,
        null,
        0,
        null,
        null,
        413,
        413,
        null,
        null,
        null,
        null,
        1,
        9,
        9,
        22,
        null,
        null,
        null,
        null,
        null,
        1,
        451,
        451,
        450,
        450,
        450,
        446,
        null,
        null,
        null,
        null,
        null,
        null,
        925,
        977,
        446,
        null,
        null,
        null,
        null,
        1,
        479,
        null,
        null,
        null,
        null,
        null,
        null,
        null,
        null,
        479,
        null,
        8,
        8,
        3,
        5,
        2,
        null,
        null,
        null,
        null,
        null,
        1,
        532,
        532,
        null,
        null,
        null,
        null,
        null,
        null,
        532,
        531,
        null,
        1,
        2,
        null,
        null,
        532,
        null,
        null,
        null,
        1,
        533,
        533,
        533,
        533,
        null,
        null,
        1,
        2,
        2,
        2,
        4,
        5,
        2,
        null,
        null,
        null,
        null,
        1,
        2,
        null,
        null,
        null,
        1,
        2,
        null,
        null,
        null,
        1,
        838,
        null,
        null,
        null,
        1,
        259,
        257,
        null,
        null,
        null,
        1,
        1015,
        null,
        null,
        null,
        1,
        6,
        null,
        null,
        null,
        1,
        14,
        null,
        null,
        null,
        1,
        1,
        1,
        1,
        1,
        1,
        null,
        null,
        null,
        1,
        24,
        null,
        null,
        null,
        1,
        37,
        null,
        null,
        null,
        1,
        70,
        null,
        null,
        null,
        null,
        1,
        40,
        40,
        null,
        null,
        null,
        1,
        0,
        0,
        0,
        null,
        null,
        null,
        1,
        1,
        2,
        null,
        null,
        null,
        1,
        14,
        14,
        13,
        29,
        29,
        13,
        34,
        null,
        13,
        null,
        null,
        null,
        1,
        0,
        null,
        null,
        null,
        1,
        1402,
        null,
        841,
        841,
        null,
        841,
        841,
        841,
        841,
        841,
        841,
        null,
        841,
        900,
        null,
        841,
        841,
        null,
        null,
        null,
        1,
        1007,
        null,
        null,
        1003,
        null,
        1003,
        1003,
        null,
        1003,
        2027,
        null,
        1003,
        2049,
        1003,
        1003,
        1003,
        1003,
        null,
        null,
        null,
        1,
        1064,
        1036,
        1036,
        1036,
        1036,
        1036,
        1036,
        1036,
        1036,
        null,
        null,
        null,
        1,
        1076,
        1076,
        null,
        1076,
        1076,
        1076,
        1076,
        null,
        null,
        null,
        null,
        null
      ],
      "/home/mhanne/work/bitcoin-ruby/lib/bitcoin/storage/sequel_store/sequel_migrations.rb": [
        1,
        null,
        1,
        62,
        62,
        62,
        62,
        62,
        62,
        62,
        62,
        62,
        62,
        62,
        62,
        62,
        null,
        null,
        null,
        62,
        62,
        62,
        62,
        62,
        62,
        62,
        62,
        null,
        null,
        null,
        62,
        62,
        62,
        62,
        62,
        null,
        null,
        null,
        62,
        62,
        62,
        62,
        62,
        62,
        62,
        62,
        62,
        null,
        null,
        null,
        62,
        62,
        62,
        62,
        62,
        62,
        62,
        62,
        null,
        null,
        null,
        62,
        62,
        62,
        62,
        null,
        null,
        null,
        62,
        62,
        62,
        62,
        null,
        null,
        null,
        62,
        62,
        null,
        null,
        null,
        null,
        null,
        null,
        null
      ],
      "/home/mhanne/work/bitcoin-ruby/lib/bitcoin/validation.rb": [
        1,
        null,
        null,
        1,
        null,
        null,
        1,
        null,
        null,
        1,
        null,
        null,
        1,
        null,
        null,
        1,
        null,
        null,
        1,
        null,
        null,
        1,
        null,
        null,
        1,
        null,
        1,
        null,
        null,
        null,
        1,
        1,
        null,
        1,
        null,
        null,
        null,
        null,
        null,
        null,
        null,
        1,
        680,
        588,
        null,
        588,
        595,
        595,
        3963,
        14,
        0,
        null,
        null,
        null,
        574,
        null,
        null,
        null,
        null,
        1,
        321,
        321,
        null,
        null,
        null,
        1,
        342,
        null,
        null,
        null,
        1,
        341,
        null,
        null,
        null,
        1,
        340,
        null,
        null,
        null,
        1,
        339,
        null,
        null,
        null,
        1,
        700,
        338,
        null,
        null,
        null,
        1,
        336,
        null,
        null,
        null,
        1,
        253,
        253,
        14,
        14,
        14,
        null,
        null,
        253,
        253,
        null,
        null,
        null,
        1,
        334,
        null,
        null,
        1,
        253,
        null,
        null,
        null,
        1,
        253,
        null,
        null,
        null,
        1,
        251,
        null,
        null,
        null,
        1,
        332,
        20,
        20,
        null,
        1,
        1,
        null,
        null,
        null,
        null,
        1,
        251,
        14,
        14,
        null,
        1,
        1,
        null,
        null,
        null,
        null,
        1,
        null,
        1,
        617,
        null,
        null,
        null,
        null,
        null,
        null,
        null,
        null,
        null,
        null,
        null,
        null,
        null,
        null,
        null,
        null,
        null,
        null,
        null,
        null,
        null,
        null,
        null,
        1,
        null,
        null,
        null,
        null,
        null,
        null,
        1,
        1,
        null,
        1,
        null,
        null,
        null,
        null,
        null,
        null,
        null,
        1,
        51,
        51,
        51,
        58,
        58,
        326,
        17,
        1,
        null,
        null,
        null,
        34,
        null,
        null,
        1,
        null,
        null,
        null,
        null,
        null,
        null,
        1,
        34,
        null,
        null,
        null,
        1,
        51,
        null,
        null,
        null,
        1,
        37,
        null,
        null,
        null,
        1,
        32,
        null,
        null,
        null,
        1,
        30,
        null,
        null,
        null,
        1,
        60,
        null,
        null,
        null,
        null,
        1,
        28,
        null,
        null,
        null,
        1,
        27,
        null,
        null,
        null,
        null,
        1,
        26,
        null,
        null,
        null,
        null,
        1,
        26,
        0,
        null,
        null,
        null,
        null,
        1,
        21,
        40,
        null,
        null,
        null,
        null,
        null,
        1,
        38,
        null,
        null,
        null,
        1,
        18,
        18,
        17,
        3,
        3,
        1,
        null,
        null,
        null,
        null,
        1,
        17,
        17,
        null,
        null,
        null,
        1,
        16,
        16,
        null,
        null,
        null,
        null,
        1,
        null,
        20,
        20,
        null,
        20,
        20,
        20,
        null,
        0,
        null,
        2,
        6,
        137,
        null,
        null,
        null,
        null
      ],
      "/home/mhanne/work/bitcoin-ruby/lib/bitcoin/storage/models.rb": [
        null,
        null,
        null,
        null,
        null,
        null,
        null,
        null,
        1,
        null,
        null,
        1,
        null,
        1,
        1,
        null,
        1,
        841,
        841,
        841,
        841,
        841,
        null,
        null,
        null,
        1,
        9,
        null,
        null,
        null,
        1,
        14,
        null,
        null,
        null,
        null,
        null,
        1,
        null,
        1,
        1,
        null,
        1,
        1003,
        1003,
        1003,
        1003,
        null,
        null,
        null,
        1,
        29,
        24,
        null,
        null,
        null,
        1,
        0,
        0,
        null,
        null,
        null,
        null,
        1,
        null,
        1,
        null,
        1,
        1036,
        1036,
        1036,
        1036,
        null,
        null,
        null,
        1,
        null,
        4,
        null,
        null,
        null,
        1,
        1,
        1,
        1,
        null,
        null,
        null,
        null,
        null,
        1,
        null,
        1,
        null,
        1,
        1076,
        1076,
        1076,
        1076,
        1076,
        null,
        null,
        1,
        1,
        null,
        null,
        null,
        1,
        66,
        null,
        null,
        null,
        1,
        40,
        null,
        null,
        null,
        1,
        0,
        null,
        null,
        null,
        1,
        0,
        null,
        null,
        1,
        1,
        null,
        null,
        1,
        2,
        null,
        null,
        null,
        null,
        null
      ],
      "/home/mhanne/work/bitcoin-ruby/lib/bitcoin/storage/dummy.rb": [
        1,
        1,
        null,
        1,
        null,
        1,
        0,
        0,
        null,
        null,
        1,
        0,
        null,
        null,
        1,
        0,
        0,
        0,
        0,
        null,
        null,
        0,
        0,
        0,
        0,
        0,
        null,
        null,
        null,
        0,
        0,
        null,
        0,
        0,
        null,
        null,
        1,
        0,
        0,
        0,
        null,
        0,
        null,
        null,
        1,
        0,
        null,
        null,
        1,
        0,
        null,
        null,
        1,
        0,
        null,
        null,
        1,
        0,
        null,
        null,
        1,
        0,
        null,
        null,
        1,
        0,
        null,
        null,
        1,
        0,
        null,
        null,
        1,
        0,
        null,
        null,
        1,
        0,
        null,
        null,
        1,
        0,
        0,
        0,
        null,
        null,
        1,
        0,
        null,
        null,
        1,
        0,
        0,
        0,
        null,
        null,
        1,
        0,
        0,
        null,
        null,
        1,
        0,
        0,
        0,
        null,
        null,
        null,
        1,
        0,
        0,
        0,
        0,
        0,
        null,
        0,
        0,
        null,
        0,
        0,
        null,
        null,
        1,
        0,
        0,
        0,
        0,
        0,
        0,
        0,
        0,
        0,
        0,
        null,
        null,
        1,
        0,
        0,
        0,
        0,
        0,
        0,
        null,
        0,
        null,
        null,
        1,
        0,
        0,
        0,
        null,
        0,
        0,
        0,
        null,
        0,
        null,
        null,
        1,
        0,
        null,
        null,
        null,
        null
      ]
    },
    "timestamp": 1349283922
  }
}
