{
  "RSpec": {
    "coverage": {
      "/home/mhanne/work/bitcoin-ruby/lib/bitcoin.rb": [
        null,
        null,
        1,
        1,
        1,
        null,
        null,
        1,
        null,
        1,
        1,
        1,
        1,
        1,
        1,
        1,
        1,
        1,
        null,
        1,
        1,
        1,
        1,
        null,
        null,
        1,
        1,
        1,
        1,
        1,
        1,
        null,
        null,
        1,
        null,
        128,
        1,
        null,
        1,
        322,
        null,
        null,
        null,
        1,
        365,
        365,
        null,
        null,
        null,
        1,
        178,
        178,
        null,
        null,
        1,
        58,
        58,
        56,
        48,
        null,
        8,
        null,
        null,
        null,
        1,
        11,
        8,
        null,
        3,
        3,
        null,
        6,
        null,
        null,
        1,
        46,
        45,
        45,
        null,
        null,
        1,
        0,
        null,
        null,
        1,
        80,
        80,
        80,
        80,
        null,
        null,
        1,
        4,
        null,
        null,
        1,
        95,
        null,
        null,
        1,
        95,
        95,
        3504,
        3314,
        3314,
        3314,
        null,
        95,
        null,
        null,
        1,
        132,
        132,
        132,
        4829,
        4826,
        null,
        129,
        null,
        null,
        1,
        null,
        132,
        null,
        null,
        null,
        1,
        8,
        8,
        8,
        8,
        230,
        null,
        null,
        null,
        1,
        3,
        3,
        3,
        3,
        3,
        3,
        3,
        null,
        null,
        1,
        0,
        null,
        0,
        null,
        0,
        null,
        null,
        null,
        1,
        204,
        null,
        null,
        1,
        8,
        8,
        null,
        null,
        1,
        9,
        null,
        null,
        1,
        1,
        1,
        null,
        null,
        1,
        731,
        null,
        null,
        null,
        null,
        155,
        null,
        1,
        577,
        null,
        576,
        null,
        null,
        1,
        34,
        34,
        null,
        133,
        18,
        null,
        34,
        null,
        null,
        null,
        1,
        3,
        null,
        null,
        1,
        28,
        28,
        27,
        null,
        2,
        null,
        null,
        1,
        5,
        5,
        5,
        5,
        5,
        null,
        null,
        1,
        1,
        null,
        null,
        null,
        1,
        1,
        223,
        219,
        4,
        null,
        1,
        11,
        11,
        null,
        1,
        1,
        150,
        null,
        141,
        1,
        null,
        null,
        null,
        1,
        null,
        null,
        1,
        null,
        1,
        null,
        1,
        457,
        null,
        null,
        1,
        80,
        null,
        null,
        1,
        null,
        null,
        null,
        null,
        null,
        null,
        null,
        null,
        null,
        null,
        null,
        null,
        null,
        null,
        null,
        null,
        null,
        null,
        null,
        null,
        null,
        null
      ],
      "/home/mhanne/work/bitcoin-ruby/lib/bitcoin/protocol.rb": [
        1,
        1,
        1,
        null,
        1,
        1,
        null,
        1,
        1,
        1,
        1,
        1,
        1,
        null,
        1,
        1,
        null,
        1,
        null,
        1,
        1,
        null,
        1,
        4869,
        4,
        0,
        0,
        4864,
        null,
        null,
        null,
        1,
        8137,
        10,
        0,
        0,
        0,
        null,
        null,
        null,
        1,
        5,
        5,
        null,
        null,
        null,
        1,
        4,
        4,
        4,
        null,
        4,
        null,
        null,
        1,
        0,
        0,
        null,
        null,
        1,
        0,
        null,
        null,
        1,
        0,
        0,
        0,
        0,
        0,
        null,
        0,
        0,
        null,
        null,
        1,
        0,
        0,
        0,
        0,
        0,
        null,
        0,
        0,
        null,
        null,
        1,
        null,
        null,
        null,
        null,
        1,
        1,
        1,
        1,
        null,
        null,
        1,
        2,
        2,
        null,
        null,
        null,
        null,
        null,
        1,
        0,
        0,
        0,
        null,
        0,
        0,
        null,
        null,
        1,
        0,
        0,
        null,
        null,
        null,
        null,
        null,
        null,
        null,
        null,
        null,
        null,
        null,
        null,
        1,
        null
      ],
      "/home/mhanne/work/bitcoin-ruby/lib/bitcoin/protocol/handler.rb": [
        1,
        1,
        null,
        1,
        1,
        0,
        null,
        null,
        1,
        0,
        null,
        null,
        1,
        0,
        null,
        null,
        1,
        0,
        null,
        null,
        1,
        0,
        null,
        null,
        1,
        0,
        null,
        null,
        1,
        null,
        0,
        null,
        null,
        6,
        null,
        null,
        null,
        null
      ],
      "/home/mhanne/work/bitcoin-ruby/lib/bitcoin/protocol/parser.rb": [
        1,
        1,
        null,
        1,
        1,
        8,
        8,
        null,
        null,
        null,
        null,
        1,
        5,
        5,
        7,
        7,
        null,
        5,
        4,
        null,
        1,
        null,
        null,
        2,
        1,
        null,
        1,
        null,
        null,
        0,
        null,
        null,
        null,
        null,
        1,
        null,
        1,
        1,
        1,
        1,
        null,
        null,
        null,
        1,
        0,
        0,
        0,
        0,
        null,
        null,
        1,
        7,
        0,
        0,
        0,
        3,
        2,
        1,
        0,
        1,
        0,
        null,
        0,
        null,
        null,
        null,
        1,
        1,
        1,
        null,
        null,
        1,
        0,
        0,
        null,
        null,
        1,
        8,
        8,
        8,
        null,
        null,
        1,
        14,
        14,
        14,
        null,
        8,
        8,
        null,
        8,
        1,
        1,
        null,
        null,
        7,
        0,
        0,
        0,
        null,
        0,
        null,
        0,
        null,
        7,
        null,
        7,
        null,
        null,
        null,
        8,
        null,
        null,
        1,
        1,
        null,
        1,
        null,
        0,
        null,
        null,
        null,
        null,
        null,
        null
      ],
      "/home/mhanne/work/bitcoin-ruby/lib/bitcoin/protocol/address.rb": [
        1,
        1,
        null,
        1,
        null,
        null,
        1,
        5,
        2,
        2,
        null,
        3,
        3,
        null,
        null,
        null,
        null,
        1,
        1,
        null,
        null,
        1,
        4,
        4,
        null,
        null,
        1,
        2,
        1,
        1,
        null,
        null,
        null,
        null,
        null
      ],
      "/home/mhanne/work/bitcoin-ruby/lib/bitcoin/protocol/tx.rb": [
        1,
        null,
        1,
        1,
        null,
        1,
        1,
        1,
        null,
        null,
        1,
        221,
        null,
        null,
        null,
        1,
        4,
        null,
        null,
        null,
        1,
        910,
        null,
        910,
        null,
        null,
        null,
        1,
        1167,
        null,
        1,
        null,
        null,
        517,
        null,
        null,
        960,
        null,
        null,
        1,
        765,
        765,
        765,
        765,
        null,
        null,
        765,
        1037,
        1037,
        1036,
        null,
        null,
        764,
        764,
        null,
        764,
        1973,
        1973,
        1973,
        null,
        null,
        764,
        null,
        764,
        764,
        null,
        764,
        542,
        null,
        222,
        null,
        null,
        null,
        null,
        1,
        1224,
        1497,
        1497,
        1497,
        1497,
        null,
        null,
        1224,
        3771,
        3771,
        3771,
        3771,
        null,
        null,
        1224,
        1224,
        null,
        null,
        null,
        null,
        1,
        null,
        null,
        37,
        42,
        37,
        37,
        37,
        37,
        37,
        null,
        5,
        null,
        null,
        37,
        65,
        null,
        null,
        37,
        null,
        37,
        37,
        37,
        null,
        null,
        null,
        null,
        1,
        19,
        19,
        19,
        19,
        null,
        19,
        null,
        null,
        23,
        null,
        23,
        null,
        null,
        null,
        null,
        1,
        null,
        null,
        null,
        154,
        null,
        202,
        202,
        171,
        171,
        null,
        31,
        null,
        202,
        null,
        null,
        667,
        null,
        667,
        154,
        null,
        null,
        1,
        202,
        null,
        null,
        null,
        1,
        7,
        null,
        null,
        null,
        1,
        129,
        129,
        129,
        177,
        null,
        177,
        5,
        5,
        5,
        null,
        172,
        172,
        172,
        172,
        null,
        null,
        null,
        177,
        null,
        129,
        641,
        641,
        641,
        null,
        null,
        258,
        129,
        null,
        null,
        null,
        4,
        null,
        null,
        12,
        null,
        null,
        2,
        null,
        1,
        177,
        null,
        null,
        null,
        null,
        null
      ],
      "/home/mhanne/work/bitcoin-ruby/lib/bitcoin/script.rb": [
        1,
        null,
        1,
        null,
        1,
        1,
        1,
        1,
        1,
        1,
        1,
        1,
        1,
        1,
        1,
        1,
        1,
        1,
        1,
        1,
        1,
        1,
        1,
        1,
        1,
        1,
        1,
        1,
        1,
        1,
        1,
        1,
        1,
        1,
        1,
        1,
        1,
        1,
        null,
        35,
        1,
        1,
        null,
        1,
        null,
        null,
        null,
        null,
        null,
        null,
        1,
        null,
        1,
        null,
        null,
        1,
        1442,
        1442,
        1442,
        null,
        null,
        null,
        1,
        1442,
        1442,
        1442,
        5714,
        5714,
        0,
        null,
        null,
        5714,
        1726,
        1726,
        3988,
        0,
        0,
        3988,
        0,
        0,
        3988,
        0,
        0,
        null,
        3988,
        null,
        null,
        1442,
        null,
        null,
        null,
        1,
        866,
        3708,
        null,
        2663,
        2647,
        15,
        1,
        null,
        null,
        1045,
        null,
        null,
        null,
        null,
        null,
        1,
        43,
        null,
        null,
        null,
        1,
        883,
        3960,
        29230,
        31,
        65,
        0,
        null,
        1153,
        1153,
        null,
        1153,
        1153,
        null,
        0,
        null,
        0,
        null,
        0,
        null,
        null,
        1153,
        null,
        null,
        3960,
        null,
        null,
        null,
        1,
        362,
        null,
        null,
        null,
        1,
        48,
        48,
        360,
        1361,
        358,
        null,
        197,
        null,
        null,
        158,
        158,
        158,
        null,
        null,
        39,
        39,
        null,
        0,
        0,
        null,
        null,
        161,
        161,
        null,
        null,
        126,
        null,
        48,
        11,
        11,
        null,
        null,
        48,
        48,
        null,
        null,
        1,
        11,
        null,
        null,
        1,
        null,
        7,
        7,
        7,
        null,
        null,
        1,
        33,
        5,
        null,
        null,
        null,
        null,
        1,
        5,
        null,
        null,
        null,
        1,
        591,
        572,
        null,
        1,
        null,
        null,
        1,
        494,
        206,
        null,
        206,
        null,
        null,
        null,
        1,
        10,
        null,
        null,
        null,
        1,
        286,
        286,
        null,
        null,
        null,
        1,
        3,
        null,
        null,
        null,
        1,
        478,
        283,
        null,
        null,
        null,
        1,
        6,
        null,
        null,
        null,
        1,
        22,
        null,
        null,
        null,
        1,
        18,
        null,
        null,
        null,
        1,
        11,
        9,
        4,
        null,
        null,
        null,
        1,
        9,
        9,
        null,
        null,
        null,
        1,
        2,
        2,
        null,
        null,
        null,
        1,
        36,
        null,
        35,
        null,
        1,
        35,
        null,
        null,
        null,
        1,
        7,
        2,
        null,
        null,
        null,
        1,
        15,
        null,
        15,
        15,
        null,
        null,
        null,
        1,
        11,
        null,
        null,
        null,
        null,
        null,
        null,
        1,
        null,
        null,
        null,
        1,
        20,
        null,
        null,
        null,
        1,
        1,
        1,
        null,
        null,
        null,
        1,
        1,
        1,
        null,
        null,
        null,
        1,
        16,
        16,
        null,
        null,
        null,
        1,
        1,
        1,
        null,
        null,
        null,
        1,
        1,
        1,
        null,
        null,
        null,
        1,
        1,
        null,
        null,
        null,
        1,
        1,
        null,
        null,
        null,
        1,
        1,
        null,
        null,
        null,
        1,
        1,
        null,
        null,
        null,
        1,
        4,
        10,
        null,
        null,
        null,
        1,
        3,
        3,
        null,
        null,
        null,
        1,
        3,
        3,
        null,
        null,
        null,
        1,
        3,
        3,
        null,
        null,
        null,
        1,
        12,
        null,
        null,
        null,
        1,
        23,
        23,
        null,
        null,
        null,
        1,
        19,
        19,
        2,
        2,
        null,
        17,
        null,
        null,
        null,
        null,
        1,
        17,
        null,
        null,
        null,
        1,
        24,
        null,
        null,
        null,
        1,
        14,
        null,
        null,
        null,
        null,
        1,
        7,
        1,
        null,
        null,
        null,
        null,
        null,
        1,
        8,
        null,
        null,
        null,
        null,
        null,
        1,
        29,
        28,
        28,
        28,
        null,
        28,
        null,
        3,
        null,
        25,
        null,
        null,
        28,
        1,
        null,
        null,
        27,
        null,
        null,
        null,
        1,
        0,
        0,
        null,
        null,
        null,
        null,
        null,
        null,
        null,
        null,
        null,
        null,
        null,
        null,
        null,
        null,
        null,
        1,
        22,
        22,
        70,
        null,
        19,
        null,
        19,
        19,
        41,
        41,
        null,
        15,
        null,
        15,
        null,
        4,
        8,
        null,
        11,
        null,
        null,
        15,
        41,
        68,
        null,
        null,
        15,
        null,
        null,
        1,
        525,
        null,
        1,
        1,
        null,
        1,
        null,
        1,
        54,
        54,
        54,
        null,
        null
      ],
      "/home/mhanne/work/bitcoin-ruby/lib/bitcoin/protocol/txin.rb": [
        1,
        1,
        null,
        1,
        null,
        1,
        null,
        1,
        null,
        1228,
        null,
        null,
        null,
        1,
        null,
        529,
        null,
        null,
        null,
        null,
        1,
        0,
        0,
        0,
        0,
        0,
        0,
        null,
        null,
        null,
        1,
        0,
        0,
        0,
        0,
        0,
        0,
        null,
        null,
        null,
        null,
        1,
        1037,
        1037,
        1037,
        1036,
        1036,
        1036,
        1036,
        null,
        null,
        null,
        1,
        0,
        null,
        null,
        1,
        344,
        null,
        null,
        1,
        518,
        518,
        null,
        null,
        null,
        null,
        null,
        null
      ],
      "/home/mhanne/work/bitcoin-ruby/lib/bitcoin/protocol/txout.rb": [
        1,
        1,
        null,
        1,
        null,
        1,
        null,
        1,
        2639,
        null,
        null,
        null,
        1,
        645,
        null,
        null,
        1,
        0,
        0,
        0,
        0,
        null,
        null,
        null,
        1,
        0,
        0,
        0,
        0,
        null,
        null,
        null,
        null,
        1,
        1973,
        1973,
        1973,
        1973,
        1973,
        1973,
        null,
        null,
        1,
        0,
        0,
        null,
        null,
        null,
        null,
        null,
        null
      ],
      "/home/mhanne/work/bitcoin-ruby/lib/bitcoin/protocol/block.rb": [
        1,
        1,
        null,
        1,
        1,
        null,
        null,
        1,
        523,
        null,
        null,
        null,
        1,
        328,
        328,
        null,
        null,
        null,
        1,
        323,
        323,
        null,
        322,
        864,
        542,
        542,
        542,
        null,
        null,
        322,
        322,
        null,
        null,
        null,
        1,
        572,
        null,
        null,
        null,
        null,
        1,
        2,
        null,
        null,
        1213,
        9,
        null,
        null,
        1,
        346,
        346,
        null,
        null,
        null,
        1,
        null,
        null,
        null,
        null,
        30,
        140,
        140,
        30,
        null,
        null,
        null,
        null,
        1,
        4,
        null,
        null,
        null,
        1,
        4,
        4,
        4,
        12,
        4,
        118,
        null,
        4,
        null,
        null,
        null,
        1,
        null,
        null,
        5,
        null,
        null,
        1,
        null,
        null,
        1,
        1,
        3,
        1,
        null,
        null,
        null,
        null,
        null
      ],
      "/home/mhanne/work/bitcoin-ruby/lib/bitcoin/protocol/alert.rb": [
        1,
        1,
        null,
        null,
        1,
        null,
        1,
        null,
        1,
        1,
        1,
        null,
        null,
        null,
        1,
        null,
        1,
        1,
        1,
        2,
        null,
        null,
        null,
        1,
        1,
        1,
        1,
        1,
        null,
        1,
        null,
        1,
        1,
        1,
        1,
        1,
        1,
        1,
        null,
        1,
        null,
        1,
        null,
        null,
        null,
        null,
        null
      ],
      "/home/mhanne/work/bitcoin-ruby/lib/bitcoin/key.rb": [
        1,
        null,
        null,
        1,
        null,
        null,
        null,
        1,
        7,
        null,
        null,
        null,
        null,
        null,
        null,
        1,
        26,
        26,
        26,
        26,
        26,
        null,
        null,
        1,
        3,
        null,
        null,
        null,
        null,
        null,
        null,
        1,
        163,
        163,
        163,
        null,
        null,
        null,
        1,
        14,
        null,
        null,
        null,
        1,
        69,
        68,
        null,
        null,
        null,
        1,
        1,
        null,
        null,
        null,
        null,
        null,
        1,
        132,
        25,
        23,
        null,
        2,
        null,
        null,
        130,
        null,
        null,
        null,
        1,
        1,
        null,
        null,
        null,
        1,
        63,
        null,
        null,
        null,
        1,
        63,
        null,
        null,
        null,
        null,
        null,
        1,
        20,
        null,
        null,
        null,
        null,
        null,
        1,
        66,
        null,
        null,
        null,
        null,
        1,
        15,
        15,
        null,
        null,
        1,
        null,
        null,
        1,
        0,
        null,
        null,
        null,
        1,
        67,
        null,
        null,
        null,
        1,
        117,
        null,
        null,
        null,
        null,
        null,
        null
      ],
      "/home/mhanne/work/bitcoin-ruby/lib/bitcoin/wallet/keystore.rb": [
        1,
        null,
        1,
        null,
        null,
        1,
        null,
        null,
        null,
        1,
        24,
        12,
        12,
        null,
        null,
        null,
        1,
        8,
        null,
        null,
        null,
        1,
        2,
        null,
        null,
        null,
        1,
        3,
        3,
        3,
        3,
        null,
        null,
        1,
        2,
        2,
        null,
        null,
        null,
        null,
        1,
        1,
        null,
        null,
        null,
        null,
        1,
        1,
        1,
        1,
        1,
        null,
        null,
        null,
        null,
        null,
        1,
        12,
        10,
        21,
        null,
        2,
        null,
        null,
        null,
        null,
        1,
        9,
        20,
        null,
        null,
        null,
        null,
        null,
        null,
        1,
        null,
        1,
        null,
        null,
        null,
        1,
        27,
        7,
        7,
        null,
        null,
        null,
        1,
        11,
        null,
        null,
        null,
        1,
        2,
        2,
        2,
        null,
        null,
        null,
        null,
        1,
        1,
        1,
        null,
        null,
        null,
        null,
        1,
        1,
        null,
        null,
        null,
        null,
        null
      ],
      "/home/mhanne/work/bitcoin-ruby/lib/bitcoin/ffi/openssl.rb": [
        null,
        null,
        null,
        1,
        1,
        null,
        0,
        0,
        null,
        null,
        1,
        1,
        1,
        1,
        null,
        1,
        null,
        1,
        1,
        1,
        1,
        null,
        null,
        1,
        1,
        1,
        1,
        1,
        1,
        1,
        1,
        1,
        1,
        1,
        1,
        1,
        1,
        1,
        1,
        null,
        null,
        null,
        null,
        null,
        1,
        34,
        null,
        null,
        null,
        34,
        null,
        34,
        34,
        34,
        null,
        34,
        34,
        null,
        34,
        34,
        34,
        34,
        null,
        34,
        34,
        34,
        34,
        null,
        null,
        34,
        34,
        34,
        34,
        null,
        null,
        34,
        34,
        34,
        34,
        null,
        null,
        34,
        null,
        34,
        null,
        null,
        1,
        34,
        1,
        1,
        1,
        1,
        1,
        null,
        null,
        null
      ],
      "/home/mhanne/work/bitcoin-ruby/lib/bitcoin/wallet/keygenerator.rb": [
        1,
        null,
        null,
        null,
        null,
        null,
        null,
        null,
        1,
        null,
        null,
        1,
        null,
        1,
        null,
        null,
        null,
        null,
        null,
        null,
        null,
        null,
        null,
        null,
        null,
        null,
        null,
        null,
        1,
        15,
        15,
        15,
        null,
        null,
        null,
        1,
        24,
        118,
        24,
        24,
        null,
        null,
        null,
        1,
        7,
        7,
        7,
        null,
        null,
        1,
        null,
        null,
        1,
        15,
        null,
        8,
        7,
        null,
        null,
        null,
        1,
        5888,
        null,
        null,
        null,
        17831,
        null,
        null,
        1,
        5912,
        null,
        null,
        null,
        null,
        null
      ],
      "/home/mhanne/work/bitcoin-ruby/lib/bitcoin/wallet/coinselector.rb": [
        1,
        null,
        1,
        null,
        1,
        1,
        null,
        null,
        1,
        2,
        2,
        6,
        6,
        5,
        null,
        5,
        5,
        null,
        0,
        null,
        null,
        null,
        null,
        null,
        null,
        null,
        null
      ],
      "/home/mhanne/work/bitcoin-ruby/lib/bitcoin/wallet/wallet.rb": [
        1,
        null,
        1,
        null,
        1,
        1,
        12,
        12,
        12,
        null,
        null,
        1,
        15,
        16,
        null,
        null,
        1,
        6,
        3,
        null,
        null,
        1,
        19,
        null,
        null,
        1,
        2,
        2,
        null,
        null,
        null,
        1,
        1,
        null,
        null,
        1,
        12,
        null,
        null,
        null,
        1,
        24,
        12,
        null,
        12,
        null,
        12,
        24,
        12,
        null,
        11,
        11,
        11,
        11,
        null,
        null,
        11,
        11,
        11,
        11,
        11,
        null,
        11,
        null,
        null,
        11,
        11,
        11,
        null,
        11,
        null,
        null,
        11,
        11,
        11,
        11,
        11,
        11,
        11,
        11,
        11,
        null,
        null,
        11,
        null,
        null,
        1,
        null,
        1,
        11,
        null,
        0,
        null,
        0,
        null,
        1,
        null,
        9,
        null,
        1,
        null,
        null,
        null,
        null,
        null,
        null
      ],
      "/home/mhanne/work/bitcoin-ruby/lib/bitcoin/storage/storage.rb": [
        1,
        null,
        1,
        null,
        1,
        121,
        null,
        1,
        1,
        null,
        null,
        null,
        null,
        3,
        null,
        null,
        1,
        null,
        4,
        null,
        null,
        null,
        null,
        null,
        null,
        1,
        null,
        1,
        60,
        60,
        null,
        null,
        null,
        257,
        null,
        null,
        1,
        0,
        null,
        null,
        null,
        1,
        0,
        null,
        null,
        null,
        1,
        0,
        null,
        null,
        null,
        1,
        0,
        null,
        null,
        null,
        1,
        0,
        null,
        null,
        null,
        1,
        0,
        null,
        null,
        null,
        1,
        0,
        null,
        null,
        null,
        1,
        2,
        2,
        2,
        2,
        2,
        6,
        6,
        6,
        4,
        4,
        4,
        4,
        null,
        2,
        2,
        null,
        null,
        null,
        1,
        0,
        null,
        null,
        null,
        1,
        0,
        null,
        null,
        null,
        1,
        0,
        null,
        null,
        null,
        1,
        0,
        null,
        null,
        null,
        1,
        0,
        null,
        null,
        null,
        null,
        1,
        0,
        null,
        null,
        null,
        1,
        0,
        null,
        null,
        null,
        1,
        0,
        null,
        null,
        null,
        null,
        1,
        0,
        null,
        null,
        null,
        null,
        1,
        2,
        2,
        null,
        null,
        null,
        1,
        6,
        10,
        6,
        null,
        0,
        null,
        null,
        null,
        null,
        null
      ],
      "/home/mhanne/work/bitcoin-ruby/lib/bitcoin/logger.rb": [
        1,
        1,
        null,
        0,
        0,
        0,
        null,
        null,
        null,
        null,
        null,
        null,
        1,
        null,
        1,
        null,
        1,
        1,
        null,
        1,
        null,
        1,
        1,
        null,
        null,
        1,
        60,
        null,
        null,
        1,
        5,
        586,
        0,
        0,
        null,
        null,
        null,
        null,
        null,
        1,
        1,
        1,
        0,
        null,
        null,
        null,
        null,
        null,
        null,
        1,
        1,
        0,
        0,
        0,
        0,
        null,
        1,
        null,
        1,
        null,
        null,
        null,
        null
      ],
      "/home/mhanne/work/bitcoin-ruby/lib/bitcoin/storage/dummy.rb": [
        1,
        1,
        null,
        1,
        null,
        1,
        30,
        30,
        null,
        null,
        1,
        62,
        null,
        null,
        1,
        128,
        128,
        1,
        1,
        null,
        null,
        127,
        127,
        31,
        1,
        1,
        null,
        null,
        null,
        252,
        126,
        null,
        126,
        126,
        null,
        null,
        1,
        201,
        1,
        1,
        null,
        200,
        null,
        null,
        1,
        2,
        null,
        null,
        1,
        2,
        null,
        null,
        1,
        131,
        null,
        null,
        1,
        2,
        null,
        null,
        1,
        5,
        null,
        null,
        1,
        8,
        null,
        null,
        1,
        731,
        null,
        null,
        1,
        1,
        null,
        null,
        1,
        6,
        null,
        null,
        1,
        134,
        134,
        132,
        null,
        null,
        1,
        5,
        null,
        null,
        1,
        3,
        28,
        3,
        null,
        null,
        1,
        10,
        2,
        null,
        null,
        1,
        5,
        50,
        50,
        null,
        null,
        null,
        1,
        284,
        122,
        122,
        122,
        732,
        null,
        122,
        122,
        null,
        122,
        122,
        null,
        null,
        1,
        137,
        472,
        137,
        137,
        137,
        137,
        301,
        284,
        137,
        137,
        null,
        null,
        1,
        167,
        749,
        165,
        165,
        165,
        825,
        null,
        165,
        null,
        null,
        1,
        198,
        893,
        198,
        null,
        198,
        198,
        594,
        null,
        198,
        null,
        null,
        1,
        61,
        null,
        null,
        null,
        null
      ],
      "/home/mhanne/work/bitcoin-ruby/lib/bitcoin/storage/models.rb": [
        null,
        null,
        null,
        1,
        null,
        null,
        1,
        null,
        1,
        1,
        null,
        1,
        245,
        245,
        245,
        245,
        null,
        null,
        null,
        1,
        4,
        null,
        null,
        null,
        1,
        4,
        null,
        null,
        null,
        null,
        null,
        1,
        null,
        1,
        1,
        null,
        1,
        274,
        274,
        274,
        null,
        null,
        null,
        1,
        2,
        2,
        null,
        null,
        null,
        null,
        null,
        1,
        null,
        1,
        null,
        1,
        327,
        327,
        327,
        327,
        null,
        null,
        null,
        1,
        null,
        2,
        null,
        null,
        null,
        1,
        2,
        2,
        2,
        null,
        null,
        null,
        null,
        null,
        1,
        null,
        1,
        null,
        1,
        349,
        349,
        349,
        349,
        349,
        null,
        null,
        null,
        1,
        8,
        null,
        null,
        null,
        1,
        6,
        null,
        null,
        null,
        1,
        0,
        null,
        null,
        null,
        1,
        0,
        null,
        null,
        null,
        null,
        null
      ],
      "/home/mhanne/work/bitcoin-ruby/lib/bitcoin/storage/sequel.rb": [
        1,
        1,
        null,
        0,
        0,
        0,
        null,
        1,
        null,
        1,
        null,
        1,
        null,
        1,
        null,
        1,
        null,
        1,
        30,
        30,
        30,
        null,
        null,
        1,
        30,
        30,
        null,
        null,
        1,
        192,
        null,
        null,
        1,
        128,
        128,
        128,
        128,
        1,
        1,
        null,
        null,
        127,
        127,
        1,
        1,
        null,
        126,
        96,
        null,
        30,
        null,
        126,
        null,
        null,
        null,
        null,
        null,
        null,
        null,
        null,
        null,
        null,
        126,
        126,
        126,
        126,
        null,
        null,
        null,
        null,
        null,
        null,
        126,
        126,
        null,
        null,
        null,
        1,
        201,
        201,
        201,
        201,
        200,
        null,
        null,
        null,
        null,
        null,
        null,
        430,
        472,
        200,
        null,
        null,
        null,
        1,
        230,
        null,
        null,
        null,
        null,
        null,
        null,
        null,
        null,
        null,
        1,
        272,
        null,
        null,
        null,
        null,
        null,
        null,
        null,
        null,
        null,
        1,
        2,
        null,
        null,
        1,
        2,
        null,
        null,
        1,
        5,
        null,
        null,
        1,
        5,
        3,
        null,
        null,
        1,
        143,
        null,
        null,
        1,
        5,
        null,
        null,
        1,
        2,
        null,
        null,
        1,
        1,
        1,
        1,
        1,
        1,
        null,
        null,
        1,
        1,
        null,
        null,
        1,
        10,
        null,
        null,
        1,
        5,
        null,
        null,
        1,
        3,
        3,
        null,
        null,
        1,
        0,
        0,
        0,
        null,
        null,
        1,
        1,
        2,
        null,
        null,
        1,
        9,
        null,
        null,
        1,
        0,
        null,
        null,
        1,
        157,
        null,
        123,
        123,
        null,
        123,
        123,
        123,
        123,
        123,
        123,
        123,
        null,
        123,
        123,
        123,
        null,
        null,
        123,
        123,
        null,
        null,
        1,
        138,
        null,
        137,
        137,
        137,
        137,
        null,
        137,
        null,
        298,
        null,
        137,
        283,
        137,
        137,
        137,
        137,
        null,
        null,
        1,
        164,
        162,
        162,
        162,
        162,
        162,
        162,
        162,
        162,
        null,
        null,
        1,
        151,
        151,
        null,
        151,
        151,
        151,
        151,
        151,
        null,
        null,
        null,
        128,
        822,
        null,
        null,
        null,
        null
      ],
      "/home/mhanne/work/bitcoin-ruby/lib/bitcoin/storage/sequel_store/sequel_migrations.rb": [
        1,
        null,
        1,
        30,
        30,
        30,
        30,
        30,
        30,
        30,
        30,
        30,
        30,
        30,
        30,
        null,
        null,
        null,
        30,
        30,
        30,
        30,
        30,
        30,
        30,
        30,
        null,
        null,
        null,
        30,
        30,
        30,
        30,
        30,
        null,
        null,
        null,
        30,
        30,
        30,
        30,
        30,
        30,
        30,
        30,
        30,
        null,
        null,
        null,
        30,
        30,
        30,
        30,
        30,
        30,
        30,
        30,
        30,
        null,
        null,
        null,
        30,
        30,
        null,
        null,
        null,
        null,
        null,
        null,
        null
      ]
    },
    "timestamp": 1329755408
  }
}
